{
"contracts\\LiquidityToken.sol":{"l":{"14":33,"18":3},"path":"C:\\Users\\USER\\Desktop\\simple-swap-front\\contracts\\LiquidityToken.sol","s":{"1":33,"2":3},"b":{"1":[33,1],"2":[3,1]},"f":{"1":32,"2":33,"3":3},"fnMap":{"1":{"name":"constructor","line":11,"loc":{"start":{"line":11,"column":4},"end":{"line":11,"column":103}}},"2":{"name":"mint","line":13,"loc":{"start":{"line":13,"column":4},"end":{"line":15,"column":4}}},"3":{"name":"burn","line":17,"loc":{"start":{"line":17,"column":4},"end":{"line":19,"column":4}}}},"statementMap":{"1":{"start":{"line":14,"column":8},"end":{"line":14,"column":24}},"2":{"start":{"line":18,"column":8},"end":{"line":18,"column":26}}},"branchMap":{"1":{"line":13,"type":"if","locations":[{"start":{"line":13,"column":52},"end":{"line":13,"column":52}},{"start":{"line":13,"column":52},"end":{"line":13,"column":52}}]},"2":{"line":17,"type":"if","locations":[{"start":{"line":17,"column":54},"end":{"line":17,"column":54}},{"start":{"line":17,"column":54},"end":{"line":17,"column":54}}]}}},
"contracts\\SimpleSwap.sol":{"l":{"54":8,"56":7,"57":7,"60":7,"69":7,"72":7,"94":3,"96":3,"97":3,"98":3,"99":3,"102":2,"104":2,"105":2,"107":2,"108":2,"110":2,"111":1,"112":1,"114":1,"115":1,"118":2,"120":1,"121":1,"122":1,"124":1,"125":1,"142":3,"143":2,"145":1,"146":1,"149":1,"150":1,"152":1,"153":1,"155":1,"156":1,"157":1,"165":2,"166":2,"168":2,"169":2,"170":1,"179":1,"181":1,"182":1,"183":1,"184":1,"196":7,"197":7,"199":0,"200":0,"201":0,"202":0,"204":0,"205":0,"206":0,"218":7,"219":7,"238":7,"240":7,"241":7,"242":7,"243":7,"244":7,"245":7,"248":7,"250":7,"251":7,"252":4,"253":4,"255":3,"256":3,"262":1,"263":1,"264":1,"265":1,"270":1,"271":1,"276":1,"277":1,"279":1,"280":0,"281":0,"283":1,"284":1,"293":18,"298":3,"303":7,"304":7,"305":7,"306":224,"307":224,"309":7,"314":7,"315":7,"316":7,"317":28,"318":28,"320":7,"328":2,"336":2,"337":2},"path":"C:\\Users\\USER\\Desktop\\simple-swap-front\\contracts\\SimpleSwap.sol","s":{"1":8,"2":7,"3":7,"4":7,"5":3,"6":3,"7":3,"8":3,"9":3,"10":2,"11":2,"12":2,"13":2,"14":2,"15":2,"16":2,"17":1,"18":1,"19":3,"20":2,"21":1,"22":1,"23":1,"24":1,"25":1,"26":1,"27":2,"28":2,"29":2,"30":2,"31":1,"32":1,"33":1,"34":1,"35":7,"36":0,"37":0,"38":0,"39":0,"40":0,"41":7,"42":7,"43":7,"44":7,"45":7,"46":7,"47":7,"48":7,"49":7,"50":1,"51":1,"52":1,"53":1,"54":1,"55":1,"56":1,"57":1,"58":1,"59":18,"60":3,"61":7,"62":7,"63":7,"64":7,"65":7,"66":7,"67":7,"68":7,"69":2,"70":2,"71":2},"b":{"1":[7,1],"2":[3,0],"3":[2,1],"4":[1,1],"5":[1,1],"6":[2,1],"7":[1,1],"8":[1,0],"9":[1,1],"10":[1,0],"11":[7,0],"12":[0,0],"13":[0,0],"14":[0,0],"15":[7,0],"16":[4,3],"17":[0,1],"18":[2,1]},"f":{"1":8,"2":3,"3":3,"4":2,"5":1,"6":7,"7":7,"8":7,"9":1,"10":1,"11":1,"12":18,"13":3,"14":7,"15":7,"16":2,"17":2},"fnMap":{"1":{"name":"addLiquidity","line":44,"loc":{"start":{"line":44,"column":4},"end":{"line":73,"column":4}}},"2":{"name":"removeLiquidity","line":85,"loc":{"start":{"line":85,"column":4},"end":{"line":126,"column":4}}},"3":{"name":"swapExactTokensForTokens","line":135,"loc":{"start":{"line":135,"column":4},"end":{"line":158,"column":4}}},"4":{"name":"getPrice","line":164,"loc":{"start":{"line":164,"column":4},"end":{"line":171,"column":4}}},"5":{"name":"getAmountOut","line":178,"loc":{"start":{"line":178,"column":4},"end":{"line":185,"column":4}}},"6":{"name":"_calculateLiquidityAmounts","line":188,"loc":{"start":{"line":188,"column":4},"end":{"line":209,"column":4}}},"7":{"name":"_performAddLiquidityTransfers","line":212,"loc":{"start":{"line":212,"column":4},"end":{"line":220,"column":4}}},"8":{"name":"_mintLiquidityAndUpdateReserves","line":229,"loc":{"start":{"line":229,"column":4},"end":{"line":258,"column":4}}},"9":{"name":"_calculateSwapOutput","line":261,"loc":{"start":{"line":261,"column":4},"end":{"line":266,"column":4}}},"10":{"name":"_performSwapTransfers","line":269,"loc":{"start":{"line":269,"column":4},"end":{"line":272,"column":4}}},"11":{"name":"_updateReservesAfterSwap","line":275,"loc":{"start":{"line":275,"column":4},"end":{"line":286,"column":4}}},"12":{"name":"_getPairHash","line":292,"loc":{"start":{"line":292,"column":4},"end":{"line":294,"column":4}}},"13":{"name":"_getSortedReserves","line":297,"loc":{"start":{"line":297,"column":4},"end":{"line":299,"column":4}}},"14":{"name":"_toHex","line":302,"loc":{"start":{"line":302,"column":4},"end":{"line":310,"column":4}}},"15":{"name":"_shortHex","line":313,"loc":{"start":{"line":313,"column":4},"end":{"line":321,"column":4}}},"16":{"name":"getPairHash","line":327,"loc":{"start":{"line":327,"column":4},"end":{"line":329,"column":4}}},"17":{"name":"getLiquidityTokenAddress","line":335,"loc":{"start":{"line":335,"column":4},"end":{"line":338,"column":4}}}},"statementMap":{"1":{"start":{"line":54,"column":8},"end":{"line":54,"column":54}},"2":{"start":{"line":56,"column":8},"end":{"line":56,"column":55}},"3":{"start":{"line":57,"column":8},"end":{"line":57,"column":48}},"4":{"start":{"line":69,"column":8},"end":{"line":69,"column":70}},"5":{"start":{"line":94,"column":8},"end":{"line":94,"column":54}},"6":{"start":{"line":96,"column":8},"end":{"line":96,"column":55}},"7":{"start":{"line":97,"column":8},"end":{"line":97,"column":48}},"8":{"start":{"line":98,"column":8},"end":{"line":98,"column":45}},"9":{"start":{"line":99,"column":8},"end":{"line":99,"column":41}},"10":{"start":{"line":102,"column":8},"end":{"line":102,"column":60}},"11":{"start":{"line":104,"column":8},"end":{"line":104,"column":79}},"12":{"start":{"line":105,"column":8},"end":{"line":105,"column":78}},"13":{"start":{"line":107,"column":8},"end":{"line":107,"column":27}},"14":{"start":{"line":108,"column":8},"end":{"line":108,"column":27}},"15":{"start":{"line":110,"column":8},"end":{"line":110,"column":4348}},"16":{"start":{"line":118,"column":8},"end":{"line":118,"column":86}},"17":{"start":{"line":124,"column":8},"end":{"line":124,"column":49}},"18":{"start":{"line":125,"column":8},"end":{"line":125,"column":49}},"19":{"start":{"line":142,"column":8},"end":{"line":142,"column":54}},"20":{"start":{"line":143,"column":8},"end":{"line":143,"column":63}},"21":{"start":{"line":145,"column":8},"end":{"line":145,"column":33}},"22":{"start":{"line":146,"column":8},"end":{"line":146,"column":34}},"23":{"start":{"line":149,"column":8},"end":{"line":149,"column":74}},"24":{"start":{"line":150,"column":8},"end":{"line":150,"column":64}},"25":{"start":{"line":152,"column":8},"end":{"line":152,"column":72}},"26":{"start":{"line":153,"column":8},"end":{"line":153,"column":71}},"27":{"start":{"line":165,"column":8},"end":{"line":165,"column":55}},"28":{"start":{"line":166,"column":8},"end":{"line":166,"column":47}},"29":{"start":{"line":168,"column":8},"end":{"line":168,"column":80}},"30":{"start":{"line":169,"column":8},"end":{"line":169,"column":59}},"31":{"start":{"line":179,"column":8},"end":{"line":179,"column":83}},"32":{"start":{"line":181,"column":8},"end":{"line":181,"column":45}},"33":{"start":{"line":182,"column":8},"end":{"line":182,"column":53}},"34":{"start":{"line":183,"column":8},"end":{"line":183,"column":61}},"35":{"start":{"line":196,"column":8},"end":{"line":196,"column":8153}},"36":{"start":{"line":199,"column":12},"end":{"line":199,"column":84}},"37":{"start":{"line":200,"column":12},"end":{"line":200,"column":8415}},"38":{"start":{"line":201,"column":16},"end":{"line":201,"column":70}},"39":{"start":{"line":204,"column":16},"end":{"line":204,"column":88}},"40":{"start":{"line":205,"column":16},"end":{"line":205,"column":70}},"41":{"start":{"line":218,"column":8},"end":{"line":218,"column":74}},"42":{"start":{"line":219,"column":8},"end":{"line":219,"column":74}},"43":{"start":{"line":240,"column":8},"end":{"line":240,"column":10055}},"44":{"start":{"line":241,"column":12},"end":{"line":241,"column":95}},"45":{"start":{"line":242,"column":12},"end":{"line":242,"column":87}},"46":{"start":{"line":243,"column":12},"end":{"line":243,"column":67}},"47":{"start":{"line":244,"column":12},"end":{"line":244,"column":49}},"48":{"start":{"line":248,"column":8},"end":{"line":248,"column":52}},"49":{"start":{"line":251,"column":8},"end":{"line":251,"column":10598}},"50":{"start":{"line":262,"column":8},"end":{"line":262,"column":58}},"51":{"start":{"line":263,"column":8},"end":{"line":263,"column":47}},"52":{"start":{"line":264,"column":8},"end":{"line":264,"column":86}},"53":{"start":{"line":265,"column":8},"end":{"line":265,"column":60}},"54":{"start":{"line":270,"column":8},"end":{"line":270,"column":76}},"55":{"start":{"line":271,"column":8},"end":{"line":271,"column":51}},"56":{"start":{"line":276,"column":8},"end":{"line":276,"column":58}},"57":{"start":{"line":277,"column":8},"end":{"line":277,"column":48}},"58":{"start":{"line":279,"column":8},"end":{"line":279,"column":11922}},"59":{"start":{"line":293,"column":8},"end":{"line":293,"column":112}},"60":{"start":{"line":298,"column":8},"end":{"line":298,"column":92}},"61":{"start":{"line":303,"column":8},"end":{"line":303,"column":50}},"62":{"start":{"line":304,"column":8},"end":{"line":304,"column":40}},"63":{"start":{"line":305,"column":8},"end":{"line":305,"column":13123}},"64":{"start":{"line":309,"column":8},"end":{"line":309,"column":26}},"65":{"start":{"line":314,"column":8},"end":{"line":314,"column":50}},"66":{"start":{"line":315,"column":8},"end":{"line":315,"column":39}},"67":{"start":{"line":316,"column":8},"end":{"line":316,"column":13579}},"68":{"start":{"line":320,"column":8},"end":{"line":320,"column":26}},"69":{"start":{"line":328,"column":8},"end":{"line":328,"column":43}},"70":{"start":{"line":336,"column":8},"end":{"line":336,"column":55}},"71":{"start":{"line":337,"column":8},"end":{"line":337,"column":49}}},"branchMap":{"1":{"line":54,"type":"if","locations":[{"start":{"line":54,"column":8},"end":{"line":54,"column":8}},{"start":{"line":54,"column":8},"end":{"line":54,"column":8}}]},"2":{"line":94,"type":"if","locations":[{"start":{"line":94,"column":8},"end":{"line":94,"column":8}},{"start":{"line":94,"column":8},"end":{"line":94,"column":8}}]},"3":{"line":99,"type":"if","locations":[{"start":{"line":99,"column":8},"end":{"line":99,"column":8}},{"start":{"line":99,"column":8},"end":{"line":99,"column":8}}]},"4":{"line":110,"type":"if","locations":[{"start":{"line":110,"column":8},"end":{"line":110,"column":8}},{"start":{"line":110,"column":8},"end":{"line":110,"column":8}}]},"5":{"line":118,"type":"if","locations":[{"start":{"line":118,"column":8},"end":{"line":118,"column":8}},{"start":{"line":118,"column":8},"end":{"line":118,"column":8}}]},"6":{"line":142,"type":"if","locations":[{"start":{"line":142,"column":8},"end":{"line":142,"column":8}},{"start":{"line":142,"column":8},"end":{"line":142,"column":8}}]},"7":{"line":143,"type":"if","locations":[{"start":{"line":143,"column":8},"end":{"line":143,"column":8}},{"start":{"line":143,"column":8},"end":{"line":143,"column":8}}]},"8":{"line":150,"type":"if","locations":[{"start":{"line":150,"column":8},"end":{"line":150,"column":8}},{"start":{"line":150,"column":8},"end":{"line":150,"column":8}}]},"9":{"line":169,"type":"if","locations":[{"start":{"line":169,"column":8},"end":{"line":169,"column":8}},{"start":{"line":169,"column":8},"end":{"line":169,"column":8}}]},"10":{"line":179,"type":"if","locations":[{"start":{"line":179,"column":8},"end":{"line":179,"column":8}},{"start":{"line":179,"column":8},"end":{"line":179,"column":8}}]},"11":{"line":196,"type":"if","locations":[{"start":{"line":196,"column":8},"end":{"line":196,"column":8}},{"start":{"line":196,"column":8},"end":{"line":196,"column":8}}]},"12":{"line":200,"type":"if","locations":[{"start":{"line":200,"column":12},"end":{"line":200,"column":12}},{"start":{"line":200,"column":12},"end":{"line":200,"column":12}}]},"13":{"line":201,"type":"if","locations":[{"start":{"line":201,"column":16},"end":{"line":201,"column":16}},{"start":{"line":201,"column":16},"end":{"line":201,"column":16}}]},"14":{"line":205,"type":"if","locations":[{"start":{"line":205,"column":16},"end":{"line":205,"column":16}},{"start":{"line":205,"column":16},"end":{"line":205,"column":16}}]},"15":{"line":240,"type":"if","locations":[{"start":{"line":240,"column":8},"end":{"line":240,"column":8}},{"start":{"line":240,"column":8},"end":{"line":240,"column":8}}]},"16":{"line":251,"type":"if","locations":[{"start":{"line":251,"column":8},"end":{"line":251,"column":8}},{"start":{"line":251,"column":8},"end":{"line":251,"column":8}}]},"17":{"line":279,"type":"if","locations":[{"start":{"line":279,"column":8},"end":{"line":279,"column":8}},{"start":{"line":279,"column":8},"end":{"line":279,"column":8}}]},"18":{"line":298,"type":"if","locations":[{"start":{"line":298,"column":33},"end":{"line":298,"column":60}},{"start":{"line":298,"column":64},"end":{"line":298,"column":91}}]}}}}
