TN:
SF:C:\Users\USER\Desktop\simple-swap-front\contracts\LiquidityToken.sol
FN:11,constructor
FN:13,mint
FN:17,burn
FNF:3
FNH:3
FNDA:32,constructor
FNDA:33,mint
FNDA:3,burn
DA:14,33
DA:18,3
LF:2
LH:2
BRDA:13,1,0,33
BRDA:13,1,1,1
BRDA:17,2,0,3
BRDA:17,2,1,1
BRF:4
BRH:4
end_of_record
TN:
SF:C:\Users\USER\Desktop\simple-swap-front\contracts\SimpleSwap.sol
FN:44,addLiquidity
FN:85,removeLiquidity
FN:135,swapExactTokensForTokens
FN:164,getPrice
FN:178,getAmountOut
FN:188,_calculateLiquidityAmounts
FN:212,_performAddLiquidityTransfers
FN:229,_mintLiquidityAndUpdateReserves
FN:261,_calculateSwapOutput
FN:269,_performSwapTransfers
FN:275,_updateReservesAfterSwap
FN:292,_getPairHash
FN:297,_getSortedReserves
FN:302,_toHex
FN:313,_shortHex
FN:327,getPairHash
FN:335,getLiquidityTokenAddress
FNF:17
FNH:17
FNDA:8,addLiquidity
FNDA:3,removeLiquidity
FNDA:3,swapExactTokensForTokens
FNDA:2,getPrice
FNDA:1,getAmountOut
FNDA:7,_calculateLiquidityAmounts
FNDA:7,_performAddLiquidityTransfers
FNDA:7,_mintLiquidityAndUpdateReserves
FNDA:1,_calculateSwapOutput
FNDA:1,_performSwapTransfers
FNDA:1,_updateReservesAfterSwap
FNDA:18,_getPairHash
FNDA:3,_getSortedReserves
FNDA:7,_toHex
FNDA:7,_shortHex
FNDA:2,getPairHash
FNDA:2,getLiquidityTokenAddress
DA:54,8
DA:56,7
DA:57,7
DA:60,7
DA:69,7
DA:72,7
DA:94,3
DA:96,3
DA:97,3
DA:98,3
DA:99,3
DA:102,2
DA:104,2
DA:105,2
DA:107,2
DA:108,2
DA:110,2
DA:111,1
DA:112,1
DA:114,1
DA:115,1
DA:118,2
DA:120,1
DA:121,1
DA:122,1
DA:124,1
DA:125,1
DA:142,3
DA:143,2
DA:145,1
DA:146,1
DA:149,1
DA:150,1
DA:152,1
DA:153,1
DA:155,1
DA:156,1
DA:157,1
DA:165,2
DA:166,2
DA:168,2
DA:169,2
DA:170,1
DA:179,1
DA:181,1
DA:182,1
DA:183,1
DA:184,1
DA:196,7
DA:197,7
DA:199,0
DA:200,0
DA:201,0
DA:202,0
DA:204,0
DA:205,0
DA:206,0
DA:218,7
DA:219,7
DA:238,7
DA:240,7
DA:241,7
DA:242,7
DA:243,7
DA:244,7
DA:245,7
DA:248,7
DA:250,7
DA:251,7
DA:252,4
DA:253,4
DA:255,3
DA:256,3
DA:262,1
DA:263,1
DA:264,1
DA:265,1
DA:270,1
DA:271,1
DA:276,1
DA:277,1
DA:279,1
DA:280,0
DA:281,0
DA:283,1
DA:284,1
DA:293,18
DA:298,3
DA:303,7
DA:304,7
DA:305,7
DA:306,224
DA:307,224
DA:309,7
DA:314,7
DA:315,7
DA:316,7
DA:317,28
DA:318,28
DA:320,7
DA:328,2
DA:336,2
DA:337,2
LF:103
LH:94
BRDA:54,1,0,7
BRDA:54,1,1,1
BRDA:94,2,0,3
BRDA:94,2,1,0
BRDA:99,3,0,2
BRDA:99,3,1,1
BRDA:110,4,0,1
BRDA:110,4,1,1
BRDA:118,5,0,1
BRDA:118,5,1,1
BRDA:142,6,0,2
BRDA:142,6,1,1
BRDA:143,7,0,1
BRDA:143,7,1,1
BRDA:150,8,0,1
BRDA:150,8,1,0
BRDA:169,9,0,1
BRDA:169,9,1,1
BRDA:179,10,0,1
BRDA:179,10,1,0
BRDA:196,11,0,7
BRDA:196,11,1,0
BRDA:200,12,0,0
BRDA:200,12,1,0
BRDA:201,13,0,0
BRDA:201,13,1,0
BRDA:205,14,0,0
BRDA:205,14,1,0
BRDA:240,15,0,7
BRDA:240,15,1,0
BRDA:251,16,0,4
BRDA:251,16,1,3
BRDA:279,17,0,0
BRDA:279,17,1,1
BRDA:298,18,0,2
BRDA:298,18,1,1
BRF:36
BRH:24
end_of_record
